This is XeTeX, Version 3.141592653-2.6-0.999997 (TeX Live 2025) (preloaded format=xelatex 2025.12.17)  17 DEC 2025 19:33
entering extended mode
 restricted \write18 enabled.
 %&-line parsing enabled.
**"/Users/alessandro/Library/Mobile Documents/iCloud~AsheKube~Carnets/Documents
/Projects/Blog/Website/.pdf-temp/unraveling-consciousness-urgent-scientific-que
st-age-of-ai.tex"

! Emergency stop.
<to be read again> 
                   \protect 
<*> ...alessandro/Library/Mobile Documents/iCloud~
                                                  AsheKube~Carnets/Documents...
*** (job aborted, file error in nonstop mode)

 
Here is how much of TeX's memory you used:
 4 strings out of 468179
 277 string characters out of 5433206
 426382 words of memory out of 5000000
 28823 multiletter control sequences out of 15000+600000
 627721 words of font info for 40 fonts, out of 8000000 for 9000
 1348 hyphenation exceptions out of 8191
 2i,0n,0p,1b,6s stack positions out of 10000i,1000n,20000p,200000b,200000s
No pages of output.
